<?xml version="1.0" encoding="UTF-8"?>
<testsuite name="noelspring.helloboot.HelloControllerTest" tests="2" skipped="0" failures="0" errors="0" timestamp="2023-04-15T11:57:30" hostname="MacBook-Pro.local" time="0.133">
  <properties/>
  <testcase name="failsHelloController()" classname="noelspring.helloboot.HelloControllerTest" time="0.128"/>
  <testcase name="helloController()" classname="noelspring.helloboot.HelloControllerTest" time="0.004"/>
  <system-out><![CDATA[]]></system-out>
  <system-err><![CDATA[]]></system-err>
</testsuite>
