<?xml version="1.0" encoding="UTF-8"?>
<testsuite name="noelspring.helloboot.HelloRepositoryTest" tests="2" skipped="0" failures="0" errors="0" timestamp="2023-03-15T08:25:22" hostname="ip-192-168-219-111.ap-northeast-2.compute.internal" time="0.028">
  <properties/>
  <testcase name="increaseCount()" classname="noelspring.helloboot.HelloRepositoryTest" time="0.025"/>
  <testcase name="findHelloFailed()" classname="noelspring.helloboot.HelloRepositoryTest" time="0.002"/>
  <system-out><![CDATA[2023-03-15 17:25:22.007  INFO 9878 --- [    Test worker] .b.t.c.SpringBootTestContextBootstrapper : Neither @ContextConfiguration nor @ContextHierarchy found for test class [noelspring.helloboot.HelloRepositoryTest], using SpringBootContextLoader
2023-03-15 17:25:22.007  INFO 9878 --- [    Test worker] o.s.t.c.support.AbstractContextLoader    : Could not detect default resource locations for test class [noelspring.helloboot.HelloRepositoryTest]: no resource found for suffixes {-context.xml, Context.groovy}.
2023-03-15 17:25:22.007  INFO 9878 --- [    Test worker] t.c.s.AnnotationConfigContextLoaderUtils : Could not detect default configuration classes for test class [noelspring.helloboot.HelloRepositoryTest]: HelloRepositoryTest does not declare any static, non-private, non-final, nested classes annotated with @Configuration.
2023-03-15 17:25:22.008  INFO 9878 --- [    Test worker] .b.t.c.SpringBootTestContextBootstrapper : Found @SpringBootConfiguration noelspring.helloboot.HellobootApplication for test class noelspring.helloboot.HelloRepositoryTest
2023-03-15 17:25:22.009  INFO 9878 --- [    Test worker] .b.t.c.SpringBootTestContextBootstrapper : Loaded default TestExecutionListener class names from location [META-INF/spring.factories]: [org.springframework.boot.test.autoconfigure.restdocs.RestDocsTestExecutionListener, org.springframework.boot.test.autoconfigure.web.client.MockRestServiceServerResetTestExecutionListener, org.springframework.boot.test.autoconfigure.web.servlet.MockMvcPrintOnlyOnFailureTestExecutionListener, org.springframework.boot.test.autoconfigure.web.servlet.WebDriverTestExecutionListener, org.springframework.boot.test.autoconfigure.webservices.client.MockWebServiceServerTestExecutionListener, org.springframework.boot.test.mock.mockito.MockitoTestExecutionListener, org.springframework.boot.test.mock.mockito.ResetMocksTestExecutionListener, org.springframework.test.context.web.ServletTestExecutionListener, org.springframework.test.context.support.DirtiesContextBeforeModesTestExecutionListener, org.springframework.test.context.event.ApplicationEventsTestExecutionListener, org.springframework.test.context.support.DependencyInjectionTestExecutionListener, org.springframework.test.context.support.DirtiesContextTestExecutionListener, org.springframework.test.context.transaction.TransactionalTestExecutionListener, org.springframework.test.context.jdbc.SqlScriptsTestExecutionListener, org.springframework.test.context.event.EventPublishingTestExecutionListener]
2023-03-15 17:25:22.010  INFO 9878 --- [    Test worker] .b.t.c.SpringBootTestContextBootstrapper : Using TestExecutionListeners: [org.springframework.test.context.web.ServletTestExecutionListener@683ed81b, org.springframework.test.context.support.DirtiesContextBeforeModesTestExecutionListener@3c116f26, org.springframework.test.context.event.ApplicationEventsTestExecutionListener@7db06c50, org.springframework.boot.test.mock.mockito.MockitoTestExecutionListener@1554eaa4, org.springframework.boot.test.autoconfigure.SpringBootDependencyInjectionTestExecutionListener@b340615, org.springframework.test.context.support.DirtiesContextTestExecutionListener@3c6b300a, org.springframework.test.context.transaction.TransactionalTestExecutionListener@4247093b, org.springframework.test.context.jdbc.SqlScriptsTestExecutionListener@7074da1d, org.springframework.test.context.event.EventPublishingTestExecutionListener@5bdb6ea8, org.springframework.boot.test.autoconfigure.restdocs.RestDocsTestExecutionListener@3e55eeb9, org.springframework.boot.test.autoconfigure.web.client.MockRestServiceServerResetTestExecutionListener@44a13699, org.springframework.boot.test.autoconfigure.web.servlet.MockMvcPrintOnlyOnFailureTestExecutionListener@1253b822, org.springframework.boot.test.autoconfigure.web.servlet.WebDriverTestExecutionListener@127d2aee, org.springframework.boot.test.autoconfigure.webservices.client.MockWebServiceServerTestExecutionListener@3cc2e3e, org.springframework.boot.test.mock.mockito.ResetMocksTestExecutionListener@4e14d520]

  .   ____          _            __ _ _
 /\\ / ___'_ __ _ _(_)_ __  __ _ \ \ \ \
( ( )\___ | '_ | '_| | '_ \/ _` | \ \ \ \
 \\/  ___)| |_)| | | | | || (_| |  ) ) ) )
  '  |____| .__|_| |_|_| |_\__, | / / / /
 =========|_|==============|___/=/_/_/_/
 :: Spring Boot ::                (v2.7.8)

2023-03-15 17:25:22.021  INFO 9878 --- [    Test worker] n.helloboot.HelloRepositoryTest          : Starting HelloRepositoryTest using Java 17.0.6 on ip-192-168-219-111.ap-northeast-2.compute.internal with PID 9878 (started by mk-am16-061 in /Users/mk-am16-061/Documents/100_noel/sources/springboot-toby/helloboot)
2023-03-15 17:25:22.021  INFO 9878 --- [    Test worker] n.helloboot.HelloRepositoryTest          : No active profile set, falling back to 1 default profile: "default"
2023-03-15 17:25:22.074  INFO 9878 --- [    Test worker] com.zaxxer.hikari.HikariDataSource       : HikariPool-5 - Starting...
2023-03-15 17:25:22.075  INFO 9878 --- [    Test worker] com.zaxxer.hikari.HikariDataSource       : HikariPool-5 - Start completed.
2023-03-15 17:25:22.106  INFO 9878 --- [    Test worker] n.helloboot.HelloRepositoryTest          : Started HelloRepositoryTest in 0.095 seconds (JVM running for 2.741)
2023-03-15 17:25:22.119  INFO 9878 --- [    Test worker] o.s.t.c.transaction.TransactionContext   : Began transaction (1) for test context [DefaultTestContext@6f36267d testClass = HelloRepositoryTest, testInstance = noelspring.helloboot.HelloRepositoryTest@788a0513, testMethod = increaseCount@HelloRepositoryTest, testException = [null], mergedContextConfiguration = [MergedContextConfiguration@d65e744 testClass = HelloRepositoryTest, locations = '{}', classes = '{class noelspring.helloboot.HellobootApplication}', contextInitializerClasses = '[]', activeProfiles = '{}', propertySourceLocations = '{}', propertySourceProperties = '{org.springframework.boot.test.context.SpringBootTestContextBootstrapper=true, spring.main.web-application-type=none}', contextCustomizers = set[org.springframework.boot.test.autoconfigure.actuate.metrics.MetricsExportContextCustomizerFactory$DisableMetricExportContextCustomizer@49964d75, org.springframework.boot.test.autoconfigure.properties.PropertyMappingContextCustomizer@0, org.springframework.boot.test.autoconfigure.web.servlet.WebDriverContextCustomizerFactory$Customizer@6eb2384f, org.springframework.boot.test.context.filter.ExcludeFilterContextCustomizer@4f25b795, org.springframework.boot.test.json.DuplicateJsonObjectContextCustomizerFactory$DuplicateJsonObjectContextCustomizer@16414e40, org.springframework.boot.test.mock.mockito.MockitoContextCustomizer@0, org.springframework.boot.test.web.client.TestRestTemplateContextCustomizer@37e0056e, org.springframework.boot.test.context.SpringBootTestArgs@1, org.springframework.boot.test.context.SpringBootTestWebEnvironment@ea6147e], contextLoader = 'org.springframework.boot.test.context.SpringBootContextLoader', parent = [null]], attributes = map['org.springframework.test.context.event.ApplicationEventsTestExecutionListener.recordApplicationEvents' -> false]]; transaction manager [org.springframework.jdbc.support.JdbcTransactionManager@44de3b46]; rollback [true]
2023-03-15 17:25:22.143  INFO 9878 --- [    Test worker] o.s.t.c.transaction.TransactionContext   : Rolled back transaction for test: [DefaultTestContext@6f36267d testClass = HelloRepositoryTest, testInstance = noelspring.helloboot.HelloRepositoryTest@788a0513, testMethod = increaseCount@HelloRepositoryTest, testException = [null], mergedContextConfiguration = [MergedContextConfiguration@d65e744 testClass = HelloRepositoryTest, locations = '{}', classes = '{class noelspring.helloboot.HellobootApplication}', contextInitializerClasses = '[]', activeProfiles = '{}', propertySourceLocations = '{}', propertySourceProperties = '{org.springframework.boot.test.context.SpringBootTestContextBootstrapper=true, spring.main.web-application-type=none}', contextCustomizers = set[org.springframework.boot.test.autoconfigure.actuate.metrics.MetricsExportContextCustomizerFactory$DisableMetricExportContextCustomizer@49964d75, org.springframework.boot.test.autoconfigure.properties.PropertyMappingContextCustomizer@0, org.springframework.boot.test.autoconfigure.web.servlet.WebDriverContextCustomizerFactory$Customizer@6eb2384f, org.springframework.boot.test.context.filter.ExcludeFilterContextCustomizer@4f25b795, org.springframework.boot.test.json.DuplicateJsonObjectContextCustomizerFactory$DuplicateJsonObjectContextCustomizer@16414e40, org.springframework.boot.test.mock.mockito.MockitoContextCustomizer@0, org.springframework.boot.test.web.client.TestRestTemplateContextCustomizer@37e0056e, org.springframework.boot.test.context.SpringBootTestArgs@1, org.springframework.boot.test.context.SpringBootTestWebEnvironment@ea6147e], contextLoader = 'org.springframework.boot.test.context.SpringBootContextLoader', parent = [null]], attributes = map['org.springframework.test.context.event.ApplicationEventsTestExecutionListener.recordApplicationEvents' -> false]]
2023-03-15 17:25:22.144  INFO 9878 --- [    Test worker] o.s.t.c.transaction.TransactionContext   : Began transaction (1) for test context [DefaultTestContext@6f36267d testClass = HelloRepositoryTest, testInstance = noelspring.helloboot.HelloRepositoryTest@3ad558bf, testMethod = findHelloFailed@HelloRepositoryTest, testException = [null], mergedContextConfiguration = [MergedContextConfiguration@d65e744 testClass = HelloRepositoryTest, locations = '{}', classes = '{class noelspring.helloboot.HellobootApplication}', contextInitializerClasses = '[]', activeProfiles = '{}', propertySourceLocations = '{}', propertySourceProperties = '{org.springframework.boot.test.context.SpringBootTestContextBootstrapper=true, spring.main.web-application-type=none}', contextCustomizers = set[org.springframework.boot.test.autoconfigure.actuate.metrics.MetricsExportContextCustomizerFactory$DisableMetricExportContextCustomizer@49964d75, org.springframework.boot.test.autoconfigure.properties.PropertyMappingContextCustomizer@0, org.springframework.boot.test.autoconfigure.web.servlet.WebDriverContextCustomizerFactory$Customizer@6eb2384f, org.springframework.boot.test.context.filter.ExcludeFilterContextCustomizer@4f25b795, org.springframework.boot.test.json.DuplicateJsonObjectContextCustomizerFactory$DuplicateJsonObjectContextCustomizer@16414e40, org.springframework.boot.test.mock.mockito.MockitoContextCustomizer@0, org.springframework.boot.test.web.client.TestRestTemplateContextCustomizer@37e0056e, org.springframework.boot.test.context.SpringBootTestArgs@1, org.springframework.boot.test.context.SpringBootTestWebEnvironment@ea6147e], contextLoader = 'org.springframework.boot.test.context.SpringBootContextLoader', parent = [null]], attributes = map['org.springframework.test.context.event.ApplicationEventsTestExecutionListener.recordApplicationEvents' -> false]]; transaction manager [org.springframework.jdbc.support.JdbcTransactionManager@44de3b46]; rollback [true]
2023-03-15 17:25:22.145  INFO 9878 --- [    Test worker] o.s.t.c.transaction.TransactionContext   : Rolled back transaction for test: [DefaultTestContext@6f36267d testClass = HelloRepositoryTest, testInstance = noelspring.helloboot.HelloRepositoryTest@3ad558bf, testMethod = findHelloFailed@HelloRepositoryTest, testException = [null], mergedContextConfiguration = [MergedContextConfiguration@d65e744 testClass = HelloRepositoryTest, locations = '{}', classes = '{class noelspring.helloboot.HellobootApplication}', contextInitializerClasses = '[]', activeProfiles = '{}', propertySourceLocations = '{}', propertySourceProperties = '{org.springframework.boot.test.context.SpringBootTestContextBootstrapper=true, spring.main.web-application-type=none}', contextCustomizers = set[org.springframework.boot.test.autoconfigure.actuate.metrics.MetricsExportContextCustomizerFactory$DisableMetricExportContextCustomizer@49964d75, org.springframework.boot.test.autoconfigure.properties.PropertyMappingContextCustomizer@0, org.springframework.boot.test.autoconfigure.web.servlet.WebDriverContextCustomizerFactory$Customizer@6eb2384f, org.springframework.boot.test.context.filter.ExcludeFilterContextCustomizer@4f25b795, org.springframework.boot.test.json.DuplicateJsonObjectContextCustomizerFactory$DuplicateJsonObjectContextCustomizer@16414e40, org.springframework.boot.test.mock.mockito.MockitoContextCustomizer@0, org.springframework.boot.test.web.client.TestRestTemplateContextCustomizer@37e0056e, org.springframework.boot.test.context.SpringBootTestArgs@1, org.springframework.boot.test.context.SpringBootTestWebEnvironment@ea6147e], contextLoader = 'org.springframework.boot.test.context.SpringBootContextLoader', parent = [null]], attributes = map['org.springframework.test.context.event.ApplicationEventsTestExecutionListener.recordApplicationEvents' -> false]]
]]></system-out>
  <system-err><![CDATA[]]></system-err>
</testsuite>
