<?xml version="1.0" encoding="UTF-8"?>
<testsuite name="noelspring.helloboot.HelloServiceTest" tests="2" skipped="0" failures="0" errors="0" timestamp="2023-03-15T08:25:22" hostname="ip-192-168-219-111.ap-northeast-2.compute.internal" time="0.001">
  <properties/>
  <testcase name="simpleHelloService()" classname="noelspring.helloboot.HelloServiceTest" time="0.0"/>
  <testcase name="helloDecorator()" classname="noelspring.helloboot.HelloServiceTest" time="0.0"/>
  <system-out><![CDATA[]]></system-out>
  <system-err><![CDATA[]]></system-err>
</testsuite>
