<?xml version="1.0" encoding="UTF-8"?>
<testsuite name="noelspring.helloboot.HelloServiceTest" tests="2" skipped="0" failures="0" errors="0" timestamp="2023-04-15T11:57:31" hostname="MacBook-Pro.local" time="0.005">
  <properties/>
  <testcase name="simpleHelloService()" classname="noelspring.helloboot.HelloServiceTest" time="0.001"/>
  <testcase name="helloDecorator()" classname="noelspring.helloboot.HelloServiceTest" time="0.003"/>
  <system-out><![CDATA[]]></system-out>
  <system-err><![CDATA[]]></system-err>
</testsuite>
