<?xml version="1.0" encoding="UTF-8"?>
<testsuite name="noelspring.helloboot.DataSourceTest" tests="1" skipped="0" failures="0" errors="0" timestamp="2023-04-15T11:57:28" hostname="MacBook-Pro.local" time="0.496">
  <properties/>
  <testcase name="connect()" classname="noelspring.helloboot.DataSourceTest" time="0.496"/>
  <system-out><![CDATA[20:57:26.638 [Test worker] DEBUG org.springframework.boot.test.autoconfigure.jdbc.JdbcTestContextBootstrapper - Neither @ContextConfiguration nor @ContextHierarchy found for test class [DataSourceTest]: using SpringBootContextLoader
20:57:26.647 [Test worker] DEBUG org.springframework.test.context.support.AbstractContextLoader - Could not detect default resource locations for test class [noelspring.helloboot.DataSourceTest]: no resource found for suffixes {-context.xml, Context.groovy}.
20:57:26.648 [Test worker] INFO org.springframework.test.context.support.AnnotationConfigContextLoaderUtils - Could not detect default configuration classes for test class [noelspring.helloboot.DataSourceTest]: DataSourceTest does not declare any static, non-private, non-final, nested classes annotated with @Configuration.
20:57:26.700 [Test worker] DEBUG org.springframework.boot.test.autoconfigure.jdbc.JdbcTestContextBootstrapper - Using ContextCustomizers for test class [DataSourceTest]: [DisableAutoConfigurationContextCustomizer, DisableObservabilityContextCustomizer, TypeExcludeFiltersContextCustomizer, PropertyMappingContextCustomizer, Customizer, ImportsContextCustomizer, ExcludeFilterContextCustomizer, DuplicateJsonObjectContextCustomizer, MockitoContextCustomizer]
20:57:26.795 [Test worker] DEBUG org.springframework.context.annotation.ClassPathScanningCandidateComponentProvider - Identified candidate component class: file [/Users/noel/Documents/github_init/springboot-toby/helloboot/build/classes/java/main/noelspring/helloboot/HellobootApplication.class]
20:57:26.798 [Test worker] INFO org.springframework.boot.test.context.SpringBootTestContextBootstrapper - Found @SpringBootConfiguration noelspring.helloboot.HellobootApplication for test class noelspring.helloboot.DataSourceTest
20:57:26.832 [Test worker] DEBUG org.springframework.boot.test.autoconfigure.jdbc.JdbcTestContextBootstrapper - Using TestExecutionListeners for test class [DataSourceTest]: [ServletTestExecutionListener, DirtiesContextBeforeModesTestExecutionListener, ApplicationEventsTestExecutionListener, MockitoTestExecutionListener, DependencyInjectionTestExecutionListener, DirtiesContextTestExecutionListener, TransactionalTestExecutionListener, SqlScriptsTestExecutionListener, EventPublishingTestExecutionListener, RestDocsTestExecutionListener, MockRestServiceServerResetTestExecutionListener, MockMvcPrintOnlyOnFailureTestExecutionListener, WebDriverTestExecutionListener, MockWebServiceServerTestExecutionListener, ResetMocksTestExecutionListener]
20:57:26.833 [Test worker] DEBUG org.springframework.test.context.support.AbstractDirtiesContextTestExecutionListener - Before test class: class [DataSourceTest], class annotated with @DirtiesContext [false] with mode [null]
20:57:26.853 [Test worker] DEBUG org.springframework.test.context.support.DependencyInjectionTestExecutionListener - Performing dependency injection for test class noelspring.helloboot.DataSourceTest

  .   ____          _            __ _ _
 /\\ / ___'_ __ _ _(_)_ __  __ _ \ \ \ \
( ( )\___ | '_ | '_| | '_ \/ _` | \ \ \ \
 \\/  ___)| |_)| | | | | || (_| |  ) ) ) )
  '  |____| .__|_| |_|_| |_\__, | / / / /
 =========|_|==============|___/=/_/_/_/
 :: Spring Boot ::                (v3.0.1)

2023-04-15T20:57:27.213+09:00  INFO 45469 --- [    Test worker] noelspring.helloboot.DataSourceTest      : Starting DataSourceTest using Java 17.0.3 with PID 45469 (started by noel in /Users/noel/Documents/github_init/springboot-toby/helloboot)
2023-04-15T20:57:27.215+09:00  INFO 45469 --- [    Test worker] noelspring.helloboot.DataSourceTest      : No active profile set, falling back to 1 default profile: "default"
2023-04-15T20:57:27.531+09:00  INFO 45469 --- [    Test worker] beddedDataSourceBeanFactoryPostProcessor : Replacing 'dataSource' DataSource bean with embedded version
2023-04-15T20:57:27.683+09:00  INFO 45469 --- [    Test worker] o.s.j.d.e.EmbeddedDatabaseFactory        : Starting embedded database: url='jdbc:h2:mem:121b05bb-efa3-4350-ab10-b7b5533880ba;DB_CLOSE_DELAY=-1;DB_CLOSE_ON_EXIT=false', username='sa'
2023-04-15T20:57:28.018+09:00  INFO 45469 --- [    Test worker] noelspring.helloboot.DataSourceTest      : Started DataSourceTest in 1.126 seconds (process running for 2.289)
]]></system-out>
  <system-err><![CDATA[]]></system-err>
</testsuite>
