<?xml version="1.0" encoding="UTF-8"?>
<testsuite name="noelspring.study.ConditionalTest" tests="1" skipped="0" failures="0" errors="0" timestamp="2023-04-15T11:57:31" hostname="MacBook-Pro.local" time="0.064">
  <properties/>
  <testcase name="conditional()" classname="noelspring.study.ConditionalTest" time="0.064"/>
  <system-out><![CDATA[]]></system-out>
  <system-err><![CDATA[]]></system-err>
</testsuite>
