<?xml version="1.0" encoding="UTF-8"?>
<testsuite name="noelspring.helloboot.HelloServiceCountTest" tests="1" skipped="0" failures="0" errors="0" timestamp="2023-04-15T11:57:31" hostname="MacBook-Pro.local" time="0.015">
  <properties/>
  <testcase name="sayHelloIncreaseCount()" classname="noelspring.helloboot.HelloServiceCountTest" time="0.015"/>
  <system-out><![CDATA[2023-04-15T20:57:31.055+09:00  INFO 45469 --- [    Test worker] t.c.s.AnnotationConfigContextLoaderUtils : Could not detect default configuration classes for test class [noelspring.helloboot.HelloServiceCountTest]: HelloServiceCountTest does not declare any static, non-private, non-final, nested classes annotated with @Configuration.
2023-04-15T20:57:31.057+09:00  INFO 45469 --- [    Test worker] .b.t.c.SpringBootTestContextBootstrapper : Found @SpringBootConfiguration noelspring.helloboot.HellobootApplication for test class noelspring.helloboot.HelloServiceCountTest
]]></system-out>
  <system-err><![CDATA[]]></system-err>
</testsuite>
