<?xml version="1.0" encoding="UTF-8"?>
<testsuite name="noelspring.helloboot.HelloRepositoryTest" tests="2" skipped="0" failures="0" errors="0" timestamp="2023-04-15T11:57:30" hostname="MacBook-Pro.local" time="0.074">
  <properties/>
  <testcase name="increaseCount()" classname="noelspring.helloboot.HelloRepositoryTest" time="0.066"/>
  <testcase name="findHelloFailed()" classname="noelspring.helloboot.HelloRepositoryTest" time="0.006"/>
  <system-out><![CDATA[2023-04-15T20:57:30.620+09:00  INFO 45469 --- [    Test worker] t.c.s.AnnotationConfigContextLoaderUtils : Could not detect default configuration classes for test class [noelspring.helloboot.HelloRepositoryTest]: HelloRepositoryTest does not declare any static, non-private, non-final, nested classes annotated with @Configuration.
2023-04-15T20:57:30.624+09:00  INFO 45469 --- [    Test worker] .b.t.c.SpringBootTestContextBootstrapper : Found @SpringBootConfiguration noelspring.helloboot.HellobootApplication for test class noelspring.helloboot.HelloRepositoryTest

  .   ____          _            __ _ _
 /\\ / ___'_ __ _ _(_)_ __  __ _ \ \ \ \
( ( )\___ | '_ | '_| | '_ \/ _` | \ \ \ \
 \\/  ___)| |_)| | | | | || (_| |  ) ) ) )
  '  |____| .__|_| |_|_| |_\__, | / / / /
 =========|_|==============|___/=/_/_/_/
 :: Spring Boot ::                (v3.0.1)

2023-04-15T20:57:30.691+09:00  INFO 45469 --- [    Test worker] n.helloboot.HelloRepositoryTest          : Starting HelloRepositoryTest using Java 17.0.3 with PID 45469 (started by noel in /Users/noel/Documents/github_init/springboot-toby/helloboot)
2023-04-15T20:57:30.692+09:00  INFO 45469 --- [    Test worker] n.helloboot.HelloRepositoryTest          : No active profile set, falling back to 1 default profile: "default"
2023-04-15T20:57:30.866+09:00  INFO 45469 --- [    Test worker] com.zaxxer.hikari.HikariDataSource       : HikariPool-3 - Starting...
2023-04-15T20:57:30.871+09:00  INFO 45469 --- [    Test worker] com.zaxxer.hikari.pool.HikariPool        : HikariPool-3 - Added connection conn20: url=jdbc:h2:mem: user=SA
2023-04-15T20:57:30.872+09:00  INFO 45469 --- [    Test worker] com.zaxxer.hikari.HikariDataSource       : HikariPool-3 - Start completed.
2023-04-15T20:57:30.964+09:00  INFO 45469 --- [    Test worker] n.helloboot.HelloRepositoryTest          : Started HelloRepositoryTest in 0.332 seconds (process running for 5.234)
]]></system-out>
  <system-err><![CDATA[]]></system-err>
</testsuite>
