<?xml version="1.0" encoding="UTF-8"?>
<testsuite name="noelspring.helloboot.HelloControllerTest" tests="2" skipped="0" failures="0" errors="0" timestamp="2023-03-15T08:25:21" hostname="ip-192-168-219-111.ap-northeast-2.compute.internal" time="0.026">
  <properties/>
  <testcase name="failsHelloController()" classname="noelspring.helloboot.HelloControllerTest" time="0.023"/>
  <testcase name="helloController()" classname="noelspring.helloboot.HelloControllerTest" time="0.002"/>
  <system-out><![CDATA[]]></system-out>
  <system-err><![CDATA[]]></system-err>
</testsuite>
