<?xml version="1.0" encoding="UTF-8"?>
<testsuite name="noelspring.helloboot.JdbcTemplateTest" tests="1" skipped="0" failures="0" errors="0" timestamp="2023-03-15T08:25:22" hostname="ip-192-168-219-111.ap-northeast-2.compute.internal" time="0.005">
  <properties/>
  <testcase name="insertAndQuery()" classname="noelspring.helloboot.JdbcTemplateTest" time="0.005"/>
  <system-out><![CDATA[2023-03-15 17:25:22.158  INFO 9878 --- [    Test worker] o.s.b.t.a.j.JdbcTestContextBootstrapper  : Neither @ContextConfiguration nor @ContextHierarchy found for test class [noelspring.helloboot.JdbcTemplateTest], using SpringBootContextLoader
2023-03-15 17:25:22.159  INFO 9878 --- [    Test worker] o.s.t.c.support.AbstractContextLoader    : Could not detect default resource locations for test class [noelspring.helloboot.JdbcTemplateTest]: no resource found for suffixes {-context.xml, Context.groovy}.
2023-03-15 17:25:22.159  INFO 9878 --- [    Test worker] t.c.s.AnnotationConfigContextLoaderUtils : Could not detect default configuration classes for test class [noelspring.helloboot.JdbcTemplateTest]: JdbcTemplateTest does not declare any static, non-private, non-final, nested classes annotated with @Configuration.
2023-03-15 17:25:22.160  INFO 9878 --- [    Test worker] .b.t.c.SpringBootTestContextBootstrapper : Found @SpringBootConfiguration noelspring.helloboot.HellobootApplication for test class noelspring.helloboot.JdbcTemplateTest
2023-03-15 17:25:22.161  INFO 9878 --- [    Test worker] o.s.b.t.a.j.JdbcTestContextBootstrapper  : Loaded default TestExecutionListener class names from location [META-INF/spring.factories]: [org.springframework.boot.test.autoconfigure.restdocs.RestDocsTestExecutionListener, org.springframework.boot.test.autoconfigure.web.client.MockRestServiceServerResetTestExecutionListener, org.springframework.boot.test.autoconfigure.web.servlet.MockMvcPrintOnlyOnFailureTestExecutionListener, org.springframework.boot.test.autoconfigure.web.servlet.WebDriverTestExecutionListener, org.springframework.boot.test.autoconfigure.webservices.client.MockWebServiceServerTestExecutionListener, org.springframework.boot.test.mock.mockito.MockitoTestExecutionListener, org.springframework.boot.test.mock.mockito.ResetMocksTestExecutionListener, org.springframework.test.context.web.ServletTestExecutionListener, org.springframework.test.context.support.DirtiesContextBeforeModesTestExecutionListener, org.springframework.test.context.event.ApplicationEventsTestExecutionListener, org.springframework.test.context.support.DependencyInjectionTestExecutionListener, org.springframework.test.context.support.DirtiesContextTestExecutionListener, org.springframework.test.context.transaction.TransactionalTestExecutionListener, org.springframework.test.context.jdbc.SqlScriptsTestExecutionListener, org.springframework.test.context.event.EventPublishingTestExecutionListener]
2023-03-15 17:25:22.161  INFO 9878 --- [    Test worker] o.s.b.t.a.j.JdbcTestContextBootstrapper  : Using TestExecutionListeners: [org.springframework.test.context.web.ServletTestExecutionListener@79ee779c, org.springframework.test.context.support.DirtiesContextBeforeModesTestExecutionListener@126a9a77, org.springframework.test.context.event.ApplicationEventsTestExecutionListener@27a6384b, org.springframework.boot.test.mock.mockito.MockitoTestExecutionListener@29ee8174, org.springframework.boot.test.autoconfigure.SpringBootDependencyInjectionTestExecutionListener@23365142, org.springframework.test.context.support.DirtiesContextTestExecutionListener@6549ce71, org.springframework.test.context.transaction.TransactionalTestExecutionListener@733bd6f3, org.springframework.test.context.jdbc.SqlScriptsTestExecutionListener@2e030cc1, org.springframework.test.context.event.EventPublishingTestExecutionListener@3f2ef402, org.springframework.boot.test.autoconfigure.restdocs.RestDocsTestExecutionListener@14bf9fd0, org.springframework.boot.test.autoconfigure.web.client.MockRestServiceServerResetTestExecutionListener@391e5ffa, org.springframework.boot.test.autoconfigure.web.servlet.MockMvcPrintOnlyOnFailureTestExecutionListener@f4d391c, org.springframework.boot.test.autoconfigure.web.servlet.WebDriverTestExecutionListener@470b5213, org.springframework.boot.test.autoconfigure.webservices.client.MockWebServiceServerTestExecutionListener@2fa2143d, org.springframework.boot.test.mock.mockito.ResetMocksTestExecutionListener@64887fbc]
2023-03-15 17:25:22.163  INFO 9878 --- [    Test worker] o.s.t.c.transaction.TransactionContext   : Began transaction (1) for test context [DefaultTestContext@20518250 testClass = JdbcTemplateTest, testInstance = noelspring.helloboot.JdbcTemplateTest@7836c79, testMethod = insertAndQuery@JdbcTemplateTest, testException = [null], mergedContextConfiguration = [MergedContextConfiguration@5ccc971e testClass = JdbcTemplateTest, locations = '{}', classes = '{class noelspring.helloboot.HellobootApplication}', contextInitializerClasses = '[]', activeProfiles = '{}', propertySourceLocations = '{}', propertySourceProperties = '{org.springframework.boot.test.autoconfigure.jdbc.JdbcTestContextBootstrapper=true}', contextCustomizers = set[org.springframework.boot.test.autoconfigure.OverrideAutoConfigurationContextCustomizerFactory$DisableAutoConfigurationContextCustomizer@3d3e5463, org.springframework.boot.test.autoconfigure.actuate.metrics.MetricsExportContextCustomizerFactory$DisableMetricExportContextCustomizer@49964d75, org.springframework.boot.test.autoconfigure.filter.TypeExcludeFiltersContextCustomizer@351584c0, org.springframework.boot.test.autoconfigure.properties.PropertyMappingContextCustomizer@5587f146, org.springframework.boot.test.autoconfigure.web.servlet.WebDriverContextCustomizerFactory$Customizer@6eb2384f, [ImportsContextCustomizer@28269c65 key = [org.springframework.boot.autoconfigure.cache.CacheAutoConfiguration, org.springframework.boot.autoconfigure.flyway.FlywayAutoConfiguration, org.springframework.boot.autoconfigure.jdbc.DataSourceAutoConfiguration, org.springframework.boot.autoconfigure.jdbc.DataSourceTransactionManagerAutoConfiguration, org.springframework.boot.autoconfigure.jdbc.JdbcTemplateAutoConfiguration, org.springframework.boot.autoconfigure.liquibase.LiquibaseAutoConfiguration, org.springframework.boot.autoconfigure.sql.init.SqlInitializationAutoConfiguration, org.springframework.boot.autoconfigure.transaction.TransactionAutoConfiguration, org.springframework.boot.test.autoconfigure.jdbc.TestDatabaseAutoConfiguration]], org.springframework.boot.test.context.filter.ExcludeFilterContextCustomizer@4f25b795, org.springframework.boot.test.json.DuplicateJsonObjectContextCustomizerFactory$DuplicateJsonObjectContextCustomizer@16414e40, org.springframework.boot.test.mock.mockito.MockitoContextCustomizer@0, org.springframework.boot.test.context.SpringBootTestArgs@1, org.springframework.boot.test.context.SpringBootTestWebEnvironment@0], contextLoader = 'org.springframework.boot.test.context.SpringBootContextLoader', parent = [null]], attributes = map['org.springframework.test.context.event.ApplicationEventsTestExecutionListener.recordApplicationEvents' -> false]]; transaction manager [org.springframework.jdbc.support.JdbcTransactionManager@141d3d43]; rollback [true]
2023-03-15 17:25:22.168  INFO 9878 --- [    Test worker] o.s.t.c.transaction.TransactionContext   : Rolled back transaction for test: [DefaultTestContext@20518250 testClass = JdbcTemplateTest, testInstance = noelspring.helloboot.JdbcTemplateTest@7836c79, testMethod = insertAndQuery@JdbcTemplateTest, testException = [null], mergedContextConfiguration = [MergedContextConfiguration@5ccc971e testClass = JdbcTemplateTest, locations = '{}', classes = '{class noelspring.helloboot.HellobootApplication}', contextInitializerClasses = '[]', activeProfiles = '{}', propertySourceLocations = '{}', propertySourceProperties = '{org.springframework.boot.test.autoconfigure.jdbc.JdbcTestContextBootstrapper=true}', contextCustomizers = set[org.springframework.boot.test.autoconfigure.OverrideAutoConfigurationContextCustomizerFactory$DisableAutoConfigurationContextCustomizer@3d3e5463, org.springframework.boot.test.autoconfigure.actuate.metrics.MetricsExportContextCustomizerFactory$DisableMetricExportContextCustomizer@49964d75, org.springframework.boot.test.autoconfigure.filter.TypeExcludeFiltersContextCustomizer@351584c0, org.springframework.boot.test.autoconfigure.properties.PropertyMappingContextCustomizer@5587f146, org.springframework.boot.test.autoconfigure.web.servlet.WebDriverContextCustomizerFactory$Customizer@6eb2384f, [ImportsContextCustomizer@28269c65 key = [org.springframework.boot.autoconfigure.cache.CacheAutoConfiguration, org.springframework.boot.autoconfigure.flyway.FlywayAutoConfiguration, org.springframework.boot.autoconfigure.jdbc.DataSourceAutoConfiguration, org.springframework.boot.autoconfigure.jdbc.DataSourceTransactionManagerAutoConfiguration, org.springframework.boot.autoconfigure.jdbc.JdbcTemplateAutoConfiguration, org.springframework.boot.autoconfigure.liquibase.LiquibaseAutoConfiguration, org.springframework.boot.autoconfigure.sql.init.SqlInitializationAutoConfiguration, org.springframework.boot.autoconfigure.transaction.TransactionAutoConfiguration, org.springframework.boot.test.autoconfigure.jdbc.TestDatabaseAutoConfiguration]], org.springframework.boot.test.context.filter.ExcludeFilterContextCustomizer@4f25b795, org.springframework.boot.test.json.DuplicateJsonObjectContextCustomizerFactory$DuplicateJsonObjectContextCustomizer@16414e40, org.springframework.boot.test.mock.mockito.MockitoContextCustomizer@0, org.springframework.boot.test.context.SpringBootTestArgs@1, org.springframework.boot.test.context.SpringBootTestWebEnvironment@0], contextLoader = 'org.springframework.boot.test.context.SpringBootContextLoader', parent = [null]], attributes = map['org.springframework.test.context.event.ApplicationEventsTestExecutionListener.recordApplicationEvents' -> false]]
]]></system-out>
  <system-err><![CDATA[]]></system-err>
</testsuite>
