<?xml version="1.0" encoding="UTF-8"?>
<testsuite name="noelspring.helloboot.HelloServiceCountTest" tests="1" skipped="0" failures="0" errors="0" timestamp="2023-03-15T08:25:22" hostname="ip-192-168-219-111.ap-northeast-2.compute.internal" time="0.006">
  <properties/>
  <testcase name="sayHelloIncreaseCount()" classname="noelspring.helloboot.HelloServiceCountTest" time="0.006"/>
  <system-out><![CDATA[2023-03-15 17:25:22.146  INFO 9878 --- [    Test worker] .b.t.c.SpringBootTestContextBootstrapper : Neither @ContextConfiguration nor @ContextHierarchy found for test class [noelspring.helloboot.HelloServiceCountTest], using SpringBootContextLoader
2023-03-15 17:25:22.147  INFO 9878 --- [    Test worker] o.s.t.c.support.AbstractContextLoader    : Could not detect default resource locations for test class [noelspring.helloboot.HelloServiceCountTest]: no resource found for suffixes {-context.xml, Context.groovy}.
2023-03-15 17:25:22.147  INFO 9878 --- [    Test worker] t.c.s.AnnotationConfigContextLoaderUtils : Could not detect default configuration classes for test class [noelspring.helloboot.HelloServiceCountTest]: HelloServiceCountTest does not declare any static, non-private, non-final, nested classes annotated with @Configuration.
2023-03-15 17:25:22.147  INFO 9878 --- [    Test worker] .b.t.c.SpringBootTestContextBootstrapper : Found @SpringBootConfiguration noelspring.helloboot.HellobootApplication for test class noelspring.helloboot.HelloServiceCountTest
2023-03-15 17:25:22.147  INFO 9878 --- [    Test worker] .b.t.c.SpringBootTestContextBootstrapper : Loaded default TestExecutionListener class names from location [META-INF/spring.factories]: [org.springframework.boot.test.autoconfigure.restdocs.RestDocsTestExecutionListener, org.springframework.boot.test.autoconfigure.web.client.MockRestServiceServerResetTestExecutionListener, org.springframework.boot.test.autoconfigure.web.servlet.MockMvcPrintOnlyOnFailureTestExecutionListener, org.springframework.boot.test.autoconfigure.web.servlet.WebDriverTestExecutionListener, org.springframework.boot.test.autoconfigure.webservices.client.MockWebServiceServerTestExecutionListener, org.springframework.boot.test.mock.mockito.MockitoTestExecutionListener, org.springframework.boot.test.mock.mockito.ResetMocksTestExecutionListener, org.springframework.test.context.web.ServletTestExecutionListener, org.springframework.test.context.support.DirtiesContextBeforeModesTestExecutionListener, org.springframework.test.context.event.ApplicationEventsTestExecutionListener, org.springframework.test.context.support.DependencyInjectionTestExecutionListener, org.springframework.test.context.support.DirtiesContextTestExecutionListener, org.springframework.test.context.transaction.TransactionalTestExecutionListener, org.springframework.test.context.jdbc.SqlScriptsTestExecutionListener, org.springframework.test.context.event.EventPublishingTestExecutionListener]
2023-03-15 17:25:22.148  INFO 9878 --- [    Test worker] .b.t.c.SpringBootTestContextBootstrapper : Using TestExecutionListeners: [org.springframework.test.context.web.ServletTestExecutionListener@6b15e68c, org.springframework.test.context.support.DirtiesContextBeforeModesTestExecutionListener@79a68657, org.springframework.test.context.event.ApplicationEventsTestExecutionListener@8dbf0f2, org.springframework.boot.test.mock.mockito.MockitoTestExecutionListener@59d0fac9, org.springframework.boot.test.autoconfigure.SpringBootDependencyInjectionTestExecutionListener@1d3546f9, org.springframework.test.context.support.DirtiesContextTestExecutionListener@50ecef36, org.springframework.test.context.transaction.TransactionalTestExecutionListener@767d9b9, org.springframework.test.context.jdbc.SqlScriptsTestExecutionListener@593f7d2e, org.springframework.test.context.event.EventPublishingTestExecutionListener@6e8aea7e, org.springframework.boot.test.autoconfigure.restdocs.RestDocsTestExecutionListener@59282dc6, org.springframework.boot.test.autoconfigure.web.client.MockRestServiceServerResetTestExecutionListener@603b9d4b, org.springframework.boot.test.autoconfigure.web.servlet.MockMvcPrintOnlyOnFailureTestExecutionListener@42cf5a6f, org.springframework.boot.test.autoconfigure.web.servlet.WebDriverTestExecutionListener@7b2f8152, org.springframework.boot.test.autoconfigure.webservices.client.MockWebServiceServerTestExecutionListener@6371c5ec, org.springframework.boot.test.mock.mockito.ResetMocksTestExecutionListener@5f9ccd0c]
]]></system-out>
  <system-err><![CDATA[]]></system-err>
</testsuite>
