<?xml version="1.0" encoding="UTF-8"?>
<testsuite name="noelspring.study.ConditionalTest" tests="1" skipped="0" failures="0" errors="0" timestamp="2023-03-15T08:25:22" hostname="ip-192-168-219-111.ap-northeast-2.compute.internal" time="0.016">
  <properties/>
  <testcase name="conditional()" classname="noelspring.study.ConditionalTest" time="0.016"/>
  <system-out><![CDATA[]]></system-out>
  <system-err><![CDATA[]]></system-err>
</testsuite>
